20250520004656,Ins1,0,6
20250520004656,Ins1,0,10
20250520004657,Ins1,0,8
20250520004657,Ins1,0,9
20250520004657,Ins1,0,11
20250520004657,Ins1,0,10
20250520004657,Ins1,0,11
20250520004657,Ins1,0,21
20250520004657,Ins1,0,19
20250520004657,Ins1,0,12
20250520004657,Ins1,0,64
20250520004657,Ins1,0,215
20250520004657,Ins1,0,7
20250520004657,Ins1,0,4
20250520004657,Ins1,0,7
20250520004657,Ins1,0,3
20250520004657,Ins1,0,3
20250520004657,Ins1,0,6
20250520004657,Ins1,0,15
20250520004657,Ins1,0,127
20250520004657,Ins1,0,4
20250520004657,Ins1,0,4
20250520004657,Ins1,0,4
20250520004657,Ins1,0,3
20250520004657,Ins1,0,5
20250520004657,Ins1,0,3
20250520004657,Ins1,0,3
20250520004657,Ins1,0,4
20250520004657,Ins1,0,4
20250520004657,Ins1,0,56
20250520004657,Ins1,0,79
20250520004657,Ins1,0,3
20250520004657,Ins1,0,4
20250520004657,Ins1,0,3
20250520004657,Ins1,0,4
20250520004657,Ins1,0,4
20250520004657,Ins1,0,5
20250520004657,Ins1,0,4
20250520004657,Ins1,0,4
20250520004657,Ins1,0,5
20250520004657,Ins1,0,9
20250520004657,Ins1,0,5
20250520004657,Ins1,0,5
20250520004657,Ins1,0,3
20250520004657,Ins1,0,11
20250520004657,Ins1,0,9
20250520004657,Ins1,0,4
20250520004657,Ins1,0,6
20250520004657,Ins1,0,60
20250520004657,Ins1,0,107
20250520004658,Ins1,0,11
20250520004658,Ins1,0,20
20250520004658,Ins1,0,4
20250520004658,Ins1,0,3
20250520004658,Ins1,0,4
20250520004658,Ins1,0,5
20250520004658,Ins1,0,5
20250520004658,Ins1,0,5
20250520004658,Ins1,0,4
20250520004658,Ins1,0,65
20250520004658,Ins1,0,6
20250520004658,Ins1,0,6
20250520004658,Ins1,0,12
20250520004658,Ins1,0,9
20250520004658,Ins1,0,10
20250520004658,Ins1,0,10
20250520004658,Ins1,0,14
20250520004658,Ins1,0,7
20250520004658,Ins1,0,9
20250520004658,Ins1,0,7
20250520004658,Ins1,0,6
20250520004658,Ins1,0,10
20250520004658,Ins1,0,5
20250520004658,Ins1,0,13
20250520004658,Ins1,0,12
20250520004658,Ins1,0,13
20250520004658,Ins1,0,12
20250520004658,Ins1,0,15
20250520004658,Ins1,0,8
20250520004658,Ins1,0,54
20250520004658,Ins1,0,5
20250520004658,Ins1,0,8
20250520004658,Ins1,0,5
20250520004658,Ins1,0,3
20250520004658,Ins1,0,5
20250520004658,Ins1,0,7
20250520004658,Ins1,0,5
20250520004658,Ins1,0,4
20250520004658,Ins1,0,3
20250520004658,Ins1,0,3
20250520004658,Ins1,0,11
20250520004658,Ins1,0,3
20250520004658,Ins1,0,114
20250520004658,Ins1,0,4
20250520004658,Ins1,0,7
20250520004658,Ins1,0,108
20250520004658,Ins1,0,5
20250520004658,Ins1,0,113
20250520004658,Ins1,0,81
20250520004658,Ins1,0,4
20250520004658,Ins1,0,4
20250520004658,Ins1,0,3
20250520004658,Ins1,0,3
20250520004658,Ins1,0,9
20250520004658,Ins1,0,61
20250520004658,Ins1,0,9
20250520004658,Ins1,0,5
20250520004658,Ins1,0,6
20250520004658,Ins1,0,3
20250520004658,Ins1,0,3
20250520004659,Ins1,0,10
20250520004659,Ins1,0,6
20250520004659,Ins1,0,5
20250520004659,Ins1,0,4
20250520004659,Ins1,0,3
20250520004659,Ins1,0,62
20250520004659,Ins1,0,5
20250520004659,Ins1,0,3
20250520004659,Ins1,0,64
20250520004659,Ins1,0,6
20250520004659,Ins1,0,7
20250520004659,Ins1,0,11
20250520004659,Ins1,0,7
20250520004659,Ins1,0,9
20250520004659,Ins1,0,9
20250520004659,Ins1,0,8
20250520004659,Ins1,0,8
20250520004659,Ins1,0,7
20250520004659,Ins1,0,7
20250520004659,Ins1,0,7
20250520004659,Ins1,0,9
20250520004659,Ins1,0,9
20250520004659,Ins1,0,13
20250520004659,Ins1,0,13
20250520004659,Ins1,0,13
20250520004659,Ins1,0,9
20250520004659,Ins1,0,17
20250520004659,Ins1,0,13
20250520004659,Ins1,0,3
20250520004659,Ins1,0,18
20250520004659,Ins1,0,18
20250520004659,Ins1,0,14
20250520004659,Ins1,0,3
20250520004659,Ins1,0,13
20250520004659,Ins1,0,17
20250520004659,Ins1,0,17
20250520004659,Ins1,0,18
20250520004659,Ins1,0,16
20250520004659,Ins1,0,27
20250520004659,Ins1,0,22
20250520004659,Ins1,0,4
20250520004659,Ins1,0,18
20250520004659,Ins1,0,27
20250520004659,Ins1,0,14
20250520004659,Ins1,0,119
20250520004659,Ins1,0,5
20250520004659,Ins1,0,3
20250520004659,Ins1,0,10
20250520004659,Ins1,0,7
20250520004659,Ins1,0,8
20250520004659,Ins1,0,4
20250520004659,Ins1,0,11
20250520004659,Ins1,0,107
20250520004659,Ins1,0,10
20250520004659,Ins1,0,9
20250520004659,Ins1,0,7
20250520004659,Ins1,0,15
20250520004659,Ins1,0,14
20250520004659,Ins1,0,16
20250520004659,Ins1,0,7
20250520004659,Ins1,0,9
20250520004659,Ins1,0,5
20250520004700,Ins1,0,15
20250520004700,Ins1,0,4
20250520004700,Ins1,0,6
20250520004700,Ins1,0,3
20250520004700,Ins1,0,3
20250520004700,Ins1,0,9
20250520004700,Ins1,0,11
20250520004700,Ins1,0,13
20250520004700,Ins1,0,11
20250520004700,Ins1,0,3
20250520004700,Ins1,0,64
20250520004700,Ins1,0,14
20250520004700,Ins1,0,16
20250520004700,Ins1,0,9
20250520004700,Ins1,0,8
20250520004700,Ins1,0,6
20250520004700,Ins1,0,7
20250520004700,Ins1,0,8
20250520004700,Ins1,0,10
20250520004700,Ins1,0,5
20250520004700,Ins1,0,8
20250520004700,Ins1,0,3
20250520004700,Ins1,0,110
20250520004700,Ins1,0,4
20250520004700,Ins1,0,4
20250520004700,Ins1,0,3
20250520004700,Ins1,0,4
20250520004700,Ins1,0,110
20250520004700,Ins1,0,8
20250520004700,Ins1,0,19
20250520004700,Ins1,0,5
20250520004700,Ins1,0,11
20250520004700,Ins1,0,10
20250520004700,Ins1,0,64
20250520004700,Ins1,0,9
20250520004700,Ins1,0,66
20250520004700,Ins1,0,9
20250520004700,Ins1,0,10
20250520004700,Ins1,0,5
20250520004700,Ins1,0,3
20250520004700,Ins1,0,5
20250520004700,Ins1,0,12
20250520004700,Ins1,0,8
20250520004700,Ins1,0,14
20250520004700,Ins1,0,8
20250520004700,Ins1,0,12
20250520004700,Ins1,0,8
20250520004700,Ins1,0,10
20250520004700,Ins1,0,10
20250520004700,Ins1,0,11
20250520004700,Ins1,0,8
20250520004700,Ins1,0,3
20250520004700,Ins1,0,4
20250520004700,Ins1,0,13
20250520004700,Ins1,0,6
20250520004700,Ins1,0,19
20250520004700,Ins1,0,3
20250520004700,Ins1,0,3
20250520004700,Ins1,0,7
20250520004700,Ins1,0,3
20250520004700,Ins1,0,4
20250520004700,Ins1,0,3
20250520004700,Ins1,0,3
20250520004700,Ins1,0,3
20250520004700,Ins1,0,4
20250520004700,Ins1,0,6
20250520004701,Ins1,0,112
20250520004701,Ins1,0,8
20250520004701,Ins1,0,55
20250520004701,Ins1,0,3
20250520004701,Ins1,0,6
20250520004701,Ins1,0,9
20250520004701,Ins1,0,7
20250520004701,Ins1,0,3
20250520004701,Ins1,0,10
20250520004701,Ins1,0,7
20250520004701,Ins1,0,5
20250520004701,Ins1,0,10
20250520004701,Ins1,0,7
20250520004701,Ins1,0,4
20250520004701,Ins1,0,4
20250520004701,Ins1,0,4
20250520004701,Ins1,0,6
20250520004701,Ins1,0,5
20250520004701,Ins1,0,114
20250520004701,Ins1,0,16
20250520004701,Ins1,0,5
20250520004701,Ins1,0,4
20250520004701,Ins1,0,5
20250520004701,Ins1,0,10
20250520004701,Ins1,0,68
20250520004701,Ins1,0,8
20250520004701,Ins1,0,10
20250520004701,Ins1,0,7
20250520004701,Ins1,0,10
20250520004701,Ins1,0,8
20250520004701,Ins1,0,9
20250520004701,Ins1,0,8
20250520004701,Ins1,0,13
20250520004701,Ins1,0,7
20250520004701,Ins1,0,11
20250520004701,Ins1,0,9
20250520004701,Ins1,0,17
20250520004701,Ins1,0,15
20250520004701,Ins1,0,16
20250520004701,Ins1,0,10
20250520004701,Ins1,0,12
20250520004701,Ins1,0,12
20250520004701,Ins1,0,16
20250520004701,Ins1,0,15
20250520004701,Ins1,0,3
20250520004701,Ins1,0,56
20250520004701,Ins1,0,5
20250520004701,Ins1,0,3
20250520004701,Ins1,0,5
20250520004701,Ins1,0,3
20250520004701,Ins1,0,58
20250520004701,Ins1,0,3
20250520004701,Ins1,0,3
20250520004701,Ins1,0,3
20250520004701,Ins1,0,2
20250520004701,Ins1,0,3
20250520004701,Ins1,0,57
20250520004701,Ins1,0,55
20250520004701,Ins1,0,4
20250520004701,Ins1,0,4
20250520004701,Ins1,0,7
20250520004701,Ins1,0,2
20250520004701,Ins1,0,6
20250520004701,Ins1,0,6
20250520004701,Ins1,0,5
20250520004701,Ins1,0,2
20250520004702,Ins1,0,791
20250520004702,Ins1,0,103
20250520004702,Ins1,0,8
20250520004702,Ins1,0,2
20250520004702,Ins1,0,2
20250520004702,Ins1,0,4
20250520004702,Ins1,0,2
20250520004702,Ins1,0,3
20250520004702,Ins1,0,6
20250520004702,Ins1,0,4
20250520004702,Ins1,0,2
20250520004702,Ins1,0,4
20250520004702,Ins1,0,8
20250520004702,Ins1,0,6
20250520004702,Ins1,0,4
20250520004702,Ins1,0,2
20250520004702,Ins1,0,53
20250520004703,Ins1,0,105
20250520004703,Ins1,0,2
20250520004703,Ins1,0,8
20250520004703,Ins1,0,3
20250520004703,Ins1,0,3
20250520004703,Ins1,0,2
20250520004703,Ins1,0,2
20250520004703,Ins1,0,3
20250520004703,Ins1,0,53
20250520004703,Ins1,0,54
20250520004703,Ins1,0,3
20250520004703,Ins1,0,7
20250520004703,Ins1,0,2
20250520004703,Ins1,0,5
20250520004703,Ins1,0,2
20250520004703,Ins1,0,5
20250520004703,Ins1,0,2
20250520004703,Ins1,0,4
20250520004703,Ins1,0,2
20250520004703,Ins1,0,3
20250520004703,Ins1,0,3
20250520004703,Ins1,0,3
20250520004703,Ins1,0,3
20250520004703,Ins1,0,2
20250520004703,Ins1,0,2
20250520004703,Ins1,0,5
20250520004703,Ins1,0,55
20250520004703,Ins1,0,5
20250520004703,Ins1,0,64
20250520004703,Ins1,0,3
20250520004703,Ins1,0,9
20250520004703,Ins1,0,3
20250520004703,Ins1,0,5
20250520004703,Ins1,0,3
20250520004703,Ins1,0,3
20250520004703,Ins1,0,6
20250520004703,Ins1,0,64
20250520004703,Ins1,0,53
20250520004703,Ins1,0,3
20250520004703,Ins1,0,61
20250520004703,Ins1,0,6
20250520004703,Ins1,0,3
20250520004703,Ins1,0,5
20250520004703,Ins1,0,2
20250520004703,Ins1,0,3
20250520004703,Ins1,0,2
20250520004703,Ins1,0,5
20250520004703,Ins1,0,5
20250520004703,Ins1,0,2
20250520004703,Ins1,0,3
20250520004703,Ins1,0,6
20250520004703,Ins1,0,5
20250520004703,Ins1,0,3
20250520004703,Ins1,0,2
20250520004703,Ins1,0,3
20250520004703,Ins1,0,8
20250520004703,Ins1,0,54
20250520004703,Ins1,0,7
20250520004703,Ins1,0,2
20250520004703,Ins1,0,4
20250520004703,Ins1,0,2
20250520004703,Ins1,0,3
20250520004703,Ins1,0,7
20250520004703,Ins1,0,3
20250520004703,Ins1,0,3
20250520004703,Ins1,0,3
20250520004703,Ins1,0,3
20250520004703,Ins1,0,5
20250520004703,Ins1,0,3
20250520004703,Ins1,0,3
20250520004703,Ins1,0,4
20250520004703,Ins1,0,4
20250520004703,Ins1,0,53
20250520004703,Ins1,0,3
20250520004703,Ins1,0,4
20250520004703,Ins1,0,3
20250520004703,Ins1,0,2
20250520004703,Ins1,0,5
20250520004703,Ins1,0,2
20250520004703,Ins1,0,5
20250520004703,Ins1,0,2
20250520004703,Ins1,0,3
20250520004703,Ins1,0,88
20250520004703,Ins1,0,5
20250520004703,Ins1,0,3
20250520004703,Ins1,0,4
20250520004704,Ins1,0,158
20250520004704,Ins1,0,2
20250520004704,Ins1,0,57
20250520004704,Ins1,0,3
20250520004704,Ins1,0,2
20250520004704,Ins1,0,2
20250520004704,Ins1,0,3
20250520004704,Ins1,0,2
20250520004704,Ins1,0,3
20250520004704,Ins1,0,4
20250520004704,Ins1,0,5
20250520004704,Ins1,0,53
20250520004704,Ins1,0,5
20250520004704,Ins1,0,58
20250520004704,Ins1,0,3
20250520004704,Ins1,0,2
20250520004704,Ins1,0,8
20250520004704,Ins1,0,6
20250520004704,Ins1,0,2
20250520004704,Ins1,0,2
20250520004704,Ins1,0,57
20250520004704,Ins1,0,55
20250520004704,Ins1,0,5
20250520004704,Ins1,0,5
20250520004704,Ins1,0,55
20250520004704,Ins1,0,4
20250520004704,Ins1,0,2
20250520004704,Ins1,0,53
20250520004704,Ins1,0,2
20250520004704,Ins1,0,2
20250520004704,Ins1,0,103
20250520004704,Ins1,0,3
20250520004704,Ins1,0,4
20250520004704,Ins1,0,5
20250520004704,Ins1,0,2
20250520004704,Ins1,0,7
20250520004704,Ins1,0,5
20250520004704,Ins1,0,2
20250520004704,Ins1,0,53
20250520004704,Ins1,0,2
20250520004704,Ins1,0,5
20250520004704,Ins1,0,3
20250520004704,Ins1,0,2
20250520004704,Ins1,0,6
20250520004704,Ins1,0,4
20250520004704,Ins1,0,5
20250520004704,Ins1,0,4
20250520004704,Ins1,0,6
20250520004704,Ins1,0,4
20250520004704,Ins1,0,7
20250520004704,Ins1,0,2
20250520004704,Ins1,0,7
20250520004705,Ins1,0,154
20250520004705,Ins1,0,57
20250520004705,Ins1,0,5
20250520004705,Ins1,0,6
20250520004705,Ins1,0,7
20250520004705,Ins1,0,6
20250520004705,Ins1,0,3
20250520004705,Ins1,0,2
20250520004705,Ins1,0,3
20250520004705,Ins1,0,3
20250520004705,Ins1,0,5
20250520004705,Ins1,0,3
20250520004705,Ins1,0,3
20250520004705,Ins1,0,3
20250520004705,Ins1,0,54
20250520004705,Ins1,0,67
20250520004705,Ins1,0,19
20250520004705,Ins1,0,3
20250520004705,Ins1,0,3
20250520004705,Ins1,0,3
20250520004705,Ins1,0,2
20250520004705,Ins1,0,6
20250520004705,Ins1,0,3
20250520004705,Ins1,0,3
20250520004705,Ins1,0,4
20250520004705,Ins1,0,2
20250520004705,Ins1,0,2
20250520004705,Ins1,0,7
20250520004705,Ins1,0,5
20250520004705,Ins1,0,6
20250520004705,Ins1,0,4
20250520004705,Ins1,0,3
20250520004705,Ins1,0,5
20250520004705,Ins1,0,3
20250520004705,Ins1,0,3
20250520004705,Ins1,0,6
20250520004705,Ins1,0,3
20250520004705,Ins1,0,382
20250520004705,Ins1,0,7
20250520004705,Ins1,0,56
20250520004705,Ins1,0,2
20250520004705,Ins1,0,3
20250520004705,Ins1,0,4
20250520004705,Ins1,0,4
20250520004705,Ins1,0,2
20250520004705,Ins1,0,2
20250520004705,Ins1,0,3
20250520004705,Ins1,0,3
20250520004705,Ins1,0,2
20250520004705,Ins1,0,3
20250520004705,Ins1,0,3
20250520004705,Ins1,0,2
20250520004705,Ins1,0,2
20250520004705,Ins1,0,2
20250520004705,Ins1,0,52
20250520004705,Ins1,0,3
20250520004705,Ins1,0,4
20250520004705,Ins1,0,4
20250520004705,Ins1,0,2
20250520004705,Ins1,0,7
20250520004705,Ins1,0,15
20250520004705,Ins1,0,56
20250520004705,Ins1,0,3
20250520004706,Ins1,0,13
20250520004706,Ins1,0,2
20250520004706,Ins1,0,2
20250520004706,Ins1,0,2
20250520004706,Ins1,0,2
20250520004706,Ins1,0,3
20250520004706,Ins1,0,3
20250520004706,Ins1,0,2
20250520004706,Ins1,0,2
20250520004706,Ins1,0,2
20250520004706,Ins1,0,2
20250520004706,Ins1,0,2
20250520004706,Ins1,0,4
20250520004706,Ins1,0,2
20250520004706,Ins1,0,5
20250520004706,Ins1,0,62
20250520004706,Ins1,0,53
20250520004706,Ins1,0,2
20250520004706,Ins1,0,6
20250520004706,Ins1,0,2
20250520004706,Ins1,0,4
20250520004706,Ins1,0,2
20250520004706,Ins1,0,3
20250520004706,Ins1,0,8
20250520004706,Ins1,0,5
20250520004706,Ins1,0,55
20250520004706,Ins1,0,5
20250520004706,Ins1,0,55
20250520004706,Ins1,0,3
20250520004706,Ins1,0,2
20250520004706,Ins1,0,2
20250520004706,Ins1,0,2
20250520004706,Ins1,0,215
20250520004706,Ins1,0,7
20250520004706,Ins1,0,2
20250520004706,Ins1,0,3
20250520004706,Ins1,0,3
20250520004706,Ins1,0,3
20250520004706,Ins1,0,2
20250520004706,Ins1,0,2
20250520004706,Ins1,0,55
20250520004706,Ins1,0,3
20250520004706,Ins1,0,2
20250520004706,Ins1,0,2
20250520004706,Ins1,0,4
20250520004706,Ins1,0,2
20250520004706,Ins1,0,18
20250520004706,Ins1,0,56
20250520004706,Ins1,0,4
20250520004706,Ins1,0,7
20250520004706,Ins1,0,6
20250520004706,Ins1,0,12
